<?xml version="1.0" encoding="UTF-8"?>
<!-- Generated by org.testng.reporters.JUnitReportReporter -->
<testsuite skipped="0" hostname="Lenovo-PC" name="framework_Testng.Method_Priority" tests="3" failures="0" timestamp="08 Oct 2018 10:26:24 GMT" time="0.068" errors="0">
  <testcase name="f" time="0.040" classname="framework_Testng.Method_Priority"/>
  <testcase name="x" time="0.016" classname="framework_Testng.Method_Priority"/>
  <testcase name="a" time="0.012" classname="framework_Testng.Method_Priority"/>
</testsuite> <!-- framework_Testng.Method_Priority -->
