<?xml version="1.0" encoding="UTF-8"?>
<!-- Generated by org.testng.reporters.JUnitReportReporter -->
<testsuite skipped="0" hostname="Lenovo-PC" name="framework_Testng.My_Testng_Test1" tests="1" failures="0" timestamp="06 Oct 2018 15:44:57 GMT" time="4.352" errors="0">
  <testcase name="verify_messenger_link" time="4.352" classname="framework_Testng.My_Testng_Test1"/>
</testsuite> <!-- framework_Testng.My_Testng_Test1 -->
