<?xml version="1.0" encoding="UTF-8"?>
<!-- Generated by org.testng.reporters.JUnitReportReporter -->
<testsuite skipped="1" hostname="Lenovo-PC" name="framework_Testng.Method_Ignore" tests="3" failures="0" timestamp="08 Oct 2018 10:30:14 GMT" time="0.040" errors="0">
  <testcase name="tc003" time="0.004" classname="framework_Testng.Method_Ignore"/>
  <testcase name="tc001" time="0.036" classname="framework_Testng.Method_Ignore"/>
  <testcase name="tc002" classname="framework_Testng.Method_Ignore">
    <skipped/>
  </testcase> <!-- tc002 -->
</testsuite> <!-- framework_Testng.Method_Ignore -->
